android/build/outputs/mapping/release/seeds.txt
com.badlogic.gdx.scenes.scene2d.Event: boolean capture
com.badlogic.gdx.scenes.scene2d.ui.VerticalGroup: float padBottom
com.badlogic.gdx.scenes.scene2d.ui.VerticalGroup: int columnAlign
com.badlogic.gdx.scenes.scene2d.ui.VerticalGroup: float lastPrefWidth
com.badlogic.gdx.scenes.scene2d.utils.DragScrollListener: float minSpeed
com.badlogic.gdx.scenes.scene2d.ui.Cell: com.badlogic.gdx.scenes.scene2d.ui.Value padLeft
com.badlogic.gdx.scenes.scene2d.ui.Slider: com.badlogic.gdx.math.Interpolation visualInterpolationInverse
com.badlogic.gdx.scenes.scene2d.ui.List: com.badlogic.gdx.math.Rectangle cullingArea
com.badlogic.gdx.scenes.scene2d.ui.Value: com.badlogic.gdx.scenes.scene2d.ui.Value maxWidth
com.badlogic.gdx.scenes.scene2d.actions.FloatAction: float end
com.badlogic.gdx.scenes.scene2d.ui.Tree: com.badlogic.gdx.scenes.scene2d.ui.Tree$Node overNode
com.badlogic.gdx.scenes.scene2d.utils.ClickListener: long tapCountInterval
com.badlogic.gdx.scenes.scene2d.ui.Tooltip: com.badlogic.gdx.scenes.scene2d.ui.Container container
com.badlogic.gdx.scenes.scene2d.actions.RunnableAction: boolean ran
com.badlogic.gdx.scenes.scene2d.utils.DragAndDrop: float touchOffsetX
com.badlogic.gdx.scenes.scene2d.Stage$TouchFocus: int pointer
com.badlogic.gdx.graphics.Color: com.badlogic.gdx.graphics.Color SALMON
com.badlogic.gdx.scenes.scene2d.ui.SelectBox$SelectBoxStyle: com.badlogic.gdx.graphics.Color disabledFontColor
com.badlogic.gdx.scenes.scene2d.actions.EventAction: boolean active
com.badlogic.gdx.scenes.scene2d.InputEvent$Type: com.badlogic.gdx.scenes.scene2d.InputEvent$Type enter
com.badlogic.gdx.scenes.scene2d.utils.DragListener: float dragStartX
com.badlogic.gdx.scenes.scene2d.actions.RunnableAction: java.lang.Runnable runnable
com.badlogic.gdx.scenes.scene2d.ui.Window: com.badlogic.gdx.math.Vector2 tmpSize
com.badlogic.gdx.scenes.scene2d.ui.SelectBox: com.badlogic.gdx.math.Vector2 temp
com.badlogic.gdx.scenes.scene2d.ui.ScrollPane$ScrollPaneStyle: com.badlogic.gdx.scenes.scene2d.utils.Drawable hScrollKnob
com.badlogic.gdx.scenes.scene2d.ui.Dialog: boolean cancelHide
com.badlogic.gdx.scenes.scene2d.Stage$TouchFocus: com.badlogic.gdx.scenes.scene2d.Actor listenerActor
com.badlogic.gdx.scenes.scene2d.ui.Skin: float scale
com.badlogic.gdx.scenes.scene2d.ui.Table: float[] columnWidth
com.badlogic.gdx.scenes.scene2d.ui.Tree$TreeStyle: com.badlogic.gdx.scenes.scene2d.utils.Drawable minusOver
com.badlogic.gdx.scenes.scene2d.ui.TextField$TextFieldStyle: com.badlogic.gdx.graphics.g2d.BitmapFont font
com.badlogic.gdx.scenes.scene2d.ui.Dialog: com.badlogic.gdx.scenes.scene2d.InputListener ignoreTouchDown
com.badlogic.gdx.scenes.scene2d.ui.TextField: int cursor
com.badlogic.gdx.scenes.scene2d.ui.Window$WindowStyle: com.badlogic.gdx.graphics.g2d.BitmapFont titleFont
com.badlogic.gdx.graphics.Color: com.badlogic.gdx.graphics.Color PURPLE
com.badlogic.gdx.scenes.scene2d.actions.SizeByAction: float amountHeight
com.badlogic.gdx.scenes.scene2d.actions.AddListenerAction: com.badlogic.gdx.scenes.scene2d.EventListener listener
com.badlogic.gdx.scenes.scene2d.utils.DragAndDrop: float dragActorX
com.badlogic.gdx.scenes.scene2d.ui.Label: boolean wrap
com.badlogic.gdx.scenes.scene2d.ui.TextButton$TextButtonStyle: com.badlogic.gdx.graphics.Color checkedFocusedFontColor
com.badlogic.gdx.scenes.scene2d.utils.DragAndDrop: com.badlogic.gdx.utils.ObjectMap sourceListeners
com.badlogic.gdx.scenes.scene2d.ui.SelectBox$SelectBoxStyle: com.badlogic.gdx.scenes.scene2d.utils.Drawable backgroundDisabled
com.badlogic.gdx.scenes.scene2d.ui.SelectBox$SelectBoxStyle: com.badlogic.gdx.scenes.scene2d.utils.Drawable backgroundOpen
com.badlogic.gdx.scenes.scene2d.Stage: boolean debugAll
com.badlogic.gdx.scenes.scene2d.ui.Cell: float computedPadRight
com.badlogic.gdx.scenes.scene2d.ui.Cell: java.lang.Integer expandY
com.badlogic.gdx.scenes.scene2d.Actor: com.badlogic.gdx.utils.DelayedRemovalArray listeners