android/build/outputs/mapping/release/mapping.txt
# compiler: R8
# compiler_version: 8.1.68
# min_api: 19
# common_typos_disable
# {"id":"com.android.tools.r8.mapping","version":"2.2"}
# pg_map_id: 3bc1cbe
# pg_map_hash: SHA-256 3bc1cbe8e6f15653c071f0942bfab59fcd593af786bd269296ba556764db11fd
...
com.badlogic.gdx.scenes.scene2d.ui.ProgressBar -> com.badlogic.gdx.scenes.scene2d.ui.ProgressBar:
    1:1:void <init>(float,float,float,boolean,com.badlogic.gdx.scenes.scene2d.ui.ProgressBar$ProgressBarStyle):0:0 -> <init>
    2:2:void <init>(float,float,float,boolean,com.badlogic.gdx.scenes.scene2d.ui.Skin):0:0 -> <init>
    3:3:void <init>(float,float,float,boolean,com.badlogic.gdx.scenes.scene2d.ui.Skin,java.lang.String):0:0 -> <init>
    1:1:void setAnimateInterpolation(com.badlogic.gdx.math.Interpolation):0:0 -> setAnimateInterpolation
      # {"id":"com.android.tools.r8.residualsignature","signature":"(Li/d;)V"}
    1:1:void setVisualInterpolation(com.badlogic.gdx.math.Interpolation):0:0 -> setVisualInterpolation
      # {"id":"com.android.tools.r8.residualsignature","signature":"(Li/d;)V"}
com.badlogic.gdx.scenes.scene2d.ui.ProgressBar$ProgressBarStyle -> com.badlogic.gdx.scenes.scene2d.ui.ProgressBar$ProgressBarStyle:
    1:1:void <init>(com.badlogic.gdx.scenes.scene2d.ui.ProgressBar$ProgressBarStyle):0:0 -> <init>
    2:2:void <init>(com.badlogic.gdx.scenes.scene2d.utils.Drawable,com.badlogic.gdx.scenes.scene2d.utils.Drawable):0:0 -> <init>
com.badlogic.gdx.scenes.scene2d.ui.ScrollPane -> com.badlogic.gdx.scenes.scene2d.ui.ScrollPane:
    1:1:void <init>(com.badlogic.gdx.scenes.scene2d.Actor):0:0 -> <init>
    2:2:void <init>(com.badlogic.gdx.scenes.scene2d.Actor,com.badlogic.gdx.scenes.scene2d.ui.ScrollPane$ScrollPaneStyle):0:0 -> <init>
    3:3:void <init>(com.badlogic.gdx.scenes.scene2d.Actor,com.badlogic.gdx.scenes.scene2d.ui.Skin):0:0 -> <init>
    4:4:void <init>(com.badlogic.gdx.scenes.scene2d.Actor,com.badlogic.gdx.scenes.scene2d.ui.Skin,java.lang.String):0:0 -> <init>
    1:1:void drawDebug(com.badlogic.gdx.graphics.glutils.ShapeRenderer):0:0 -> drawDebug
      # {"id":"com.android.tools.r8.residualsignature","signature":"(Lg/n;)V"}
    1:1:boolean removeActor(com.badlogic.gdx.scenes.scene2d.Actor):0:0 -> removeActor
    2:2:boolean removeActor(com.badlogic.gdx.scenes.scene2d.Actor,boolean):0:0 -> removeActor
    1:1:void scrollTo(float,float,float,float):0:0 -> scrollTo
    2:2:void scrollTo(float,float,float,float,boolean,boolean):0:0 -> scrollTo
com.badlogic.gdx.scenes.scene2d.ui.ScrollPane$1 -> com.badlogic.gdx.scenes.scene2d.ui.ScrollPane$a:
    float handlePosition -> a
    com.badlogic.gdx.scenes.scene2d.ui.ScrollPane this$0 -> b
com.badlogic.gdx.scenes.scene2d.ui.ScrollPane$2 -> com.badlogic.gdx.scenes.scene2d.ui.ScrollPane$b:
    com.badlogic.gdx.scenes.scene2d.ui.ScrollPane this$0 -> a
com.badlogic.gdx.scenes.scene2d.ui.ScrollPane$3 -> com.badlogic.gdx.scenes.scene2d.ui.ScrollPane$c:
    com.badlogic.gdx.scenes.scene2d.ui.ScrollPane this$0 -> a
com.badlogic.gdx.scenes.scene2d.ui.ScrollPane$ScrollPaneStyle -> com.badlogic.gdx.scenes.scene2d.ui.ScrollPane$ScrollPaneStyle:
    1:1:void <init>(com.badlogic.gdx.scenes.scene2d.ui.ScrollPane$ScrollPaneStyle):0:0 -> <init>
    2:2:void <init>(com.badlogic.gdx.scenes.scene2d.utils.Drawable,com.badlogic.gdx.scenes.scene2d.utils.Drawable,com.badlogic.gdx.scenes.scene2d.utils.Drawable,com.badlogic.gdx.scenes.scene2d.utils.Drawable,com.badlogic.gdx.scenes.scene2d.utils.Drawable):0:0 -> <init>
com.badlogic.gdx.scenes.scene2d.ui.SelectBox -> com.badlogic.gdx.scenes.scene2d.ui.SelectBox:
    1:1:void <init>(com.badlogic.gdx.scenes.scene2d.ui.SelectBox$SelectBoxStyle):0:0 -> <init>
    2:2:void <init>(com.badlogic.gdx.scenes.scene2d.ui.Skin):0:0 -> <init>
    3:3:void <init>(com.badlogic.gdx.scenes.scene2d.ui.Skin,java.lang.String):0:0 -> <init>
    1:1:com.badlogic.gdx.utils.Array getItems():0:0 -> getItems
      # {"id":"com.android.tools.r8.residualsignature","signature":"()Ll/b;"}
    1:1:void setItems(com.badlogic.gdx.utils.Array):0:0 -> setItems
      # {"id":"com.android.tools.r8.residualsignature","signature":"(Ll/b;)V"}
    2:2:void setItems(java.lang.Object[]):0:0 -> setItems