android/build/outputs/mapping/release/usage.txt
net.nminh.candycrush.R$color
net.nminh.candycrush.R$drawable
net.nminh.candycrush.R$string
net.nminh.candycrush.R$style
net.nminh.candycrush.R
...
com.badlogic.gdx.maps.tiled.renderers.IsometricStaggeredTiledMapRenderer
com.badlogic.gdx.maps.tiled.renderers.IsometricTiledMapRenderer
com.badlogic.gdx.maps.tiled.renderers.OrthoCachedTiledMapRenderer
com.badlogic.gdx.maps.tiled.renderers.OrthogonalTiledMapRenderer
com.badlogic.gdx.maps.tiled.tiles.AnimatedTiledMapTile
com.badlogic.gdx.maps.tiled.tiles.StaticTiledMapTile
com.badlogic.gdx.math.Affine2:
    private static final long serialVersionUID
    public void <init>(com.badlogic.gdx.math.Affine2)
    public void applyTo(com.badlogic.gdx.math.Vector2)
    public float det()
    public com.badlogic.gdx.math.Vector2 getTranslation(com.badlogic.gdx.math.Vector2)
    public com.badlogic.gdx.math.Affine2 idt()
    public com.badlogic.gdx.math.Affine2 inv()
    public boolean isIdt()
    public boolean isTranslation()
    public com.badlogic.gdx.math.Affine2 mul(com.badlogic.gdx.math.Affine2)
    public com.badlogic.gdx.math.Affine2 preRotate(float)
    public com.badlogic.gdx.math.Affine2 preRotateRad(float)
    public com.badlogic.gdx.math.Affine2 preScale(float,float)
    public com.badlogic.gdx.math.Affine2 preScale(com.badlogic.gdx.math.Vector2)
    public com.badlogic.gdx.math.Affine2 preShear(float,float)
    public com.badlogic.gdx.math.Affine2 preShear(com.badlogic.gdx.math.Vector2)
    public com.badlogic.gdx.math.Affine2 preTranslate(float,float)
    public com.badlogic.gdx.math.Affine2 preTranslate(com.badlogic.gdx.math.Vector2)
    public com.badlogic.gdx.math.Affine2 rotate(float)
    public com.badlogic.gdx.math.Affine2 rotateRad(float)
    public com.badlogic.gdx.math.Affine2 scale(float,float)
    public com.badlogic.gdx.math.Affine2 scale(com.badlogic.gdx.math.Vector2)
    public com.badlogic.gdx.math.Affine2 set(com.badlogic.gdx.math.Affine2)
    public com.badlogic.gdx.math.Affine2 set(com.badlogic.gdx.math.Matrix3)
com.badlogic.gdx.math.BSpline
com.badlogic.gdx.math.Bezier
com.badlogic.gdx.math.Bresenham2$1
com.badlogic.gdx.math.Bresenham2
com.badlogic.gdx.math.CatmullRomSpline
com.badlogic.gdx.math.Circle:
    public void <init>(com.badlogic.gdx.math.Circle)
    public void <init>(com.badlogic.gdx.math.Vector2,float)
    public void <init>(com.badlogic.gdx.math.Vector2,com.badlogic.gdx.math.Vector2)
    public float area()
    public float circumference()
    public boolean contains(com.badlogic.gdx.math.Circle)
    public boolean contains(com.badlogic.gdx.math.Vector2)
    public boolean overlaps(com.badlogic.gdx.math.Circle)
    public void set(com.badlogic.gdx.math.Circle)
    public void set(com.badlogic.gdx.math.Vector2,float)
    public void set(com.badlogic.gdx.math.Vector2,com.badlogic.gdx.math.Vector2)
    public void setPosition(float,float)
    public void setPosition(com.badlogic.gdx.math.Vector2)
    public void setRadius(float)
    public void setX(float)
    public void setY(float)
com.badlogic.gdx.math.ConvexHull
com.badlogic.gdx.math.CumulativeDistribution$CumulativeValue
com.badlogic.gdx.math.CumulativeDistribution
com.badlogic.gdx.math.DelaunayTriangulator
com.badlogic.gdx.math.EarClippingTriangulator
com.badlogic.gdx.math.Ellipse
com.badlogic.gdx.math.FloatCounter
com.badlogic.gdx.math.Frustum:
    public boolean boundsInFrustum(float,float,float,float,float,float)
    public boolean boundsInFrustum(com.badlogic.gdx.math.Vector3,com.badlogic.gdx.math.Vector3)
    public boolean boundsInFrustum(com.badlogic.gdx.math.collision.BoundingBox)
    public boolean boundsInFrustum(com.badlogic.gdx.math.collision.OrientedBoundingBox)
    public boolean pointInFrustum(float,float,float)
    public boolean pointInFrustum(com.badlogic.gdx.math.Vector3)
    public boolean sphereInFrustum(float,float,float,float)
    public boolean sphereInFrustum(com.badlogic.gdx.math.Vector3,float)
    public boolean sphereInFrustumWithoutNearFar(float,float,float,float)
    public boolean sphereInFrustumWithoutNearFar(com.badlogic.gdx.math.Vector3,float)
com.badlogic.gdx.math.GeometryUtils